
=== Новый анализ ===
Время: 2025-04-23 22:47:19.919335
Фильтры из формы: {'text': 'Python', 'area': ['1001'], 'salary_from': None, 'salary_to': None, 'only_with_salary': False, 'experience': [], 'employment': [], 'schedule': [], 'date_from': '2025-03-24', 'date_to': '2025-04-23'}
Сгенерированные параметры: {'text': 'Python', 'date_from': '2025-03-24', 'date_to': '2025-04-23'}
Кол-во полученных вакансий: 1900
Блоки статистики: ['Общая характеристика', 'Анализ зарплат']

=== Новый анализ ===
Время: 2025-04-23 22:53:07.410381
Фильтры из формы: {'text': 'Python', 'area': ['1001'], 'salary_from': None, 'salary_to': None, 'only_with_salary': False, 'experience': [], 'employment': [], 'schedule': [], 'date_from': '2025-03-24', 'date_to': '2025-04-23'}
Сгенерированные параметры: {'text': 'Python', 'date_from': '2025-03-24', 'date_to': '2025-04-23'}
Кол-во полученных вакансий: 1750
Блоки статистики: ['Общая характеристика', 'Анализ зарплат']

=== Новый анализ ===
Время: 2025-04-24 00:23:18.030769
Фильтры из формы: {'text': 'Python', 'area': ['1001'], 'salary_from': None, 'salary_to': None, 'only_with_salary': False, 'experience': [], 'employment': [], 'schedule': [], 'date_from': '2025-03-24', 'date_to': '2025-04-23'}
Сгенерированные параметры: {'text': 'Python', 'area': '1001', 'only_with_salary': False, 'date_from': '2025-03-24', 'date_to': '2025-04-23'}
Кол-во полученных вакансий: 208
Блоки статистики: ['Общая характеристика', 'Анализ зарплат']

=== Новый анализ ===
Время: 2025-04-24 00:31:37.968062
Фильтры из формы: {'text': 'Python', 'area': ['1002'], 'salary_from': None, 'salary_to': None, 'only_with_salary': False, 'experience': [], 'employment': [], 'schedule': [], 'date_from': '2025-03-24', 'date_to': '2025-04-23'}
Сгенерированные параметры: {'text': 'Python', 'area': '1002', 'only_with_salary': False, 'date_from': '2025-03-24', 'date_to': '2025-04-23'}
Кол-во полученных вакансий: 284
Блоки статистики: ['Общая характеристика', 'Анализ зарплат']

=== Новый анализ ===
Время: 2025-04-24 00:55:45.390519
Фильтры из формы: {'text': 'Python', 'area': ['1002'], 'salary_from': None, 'salary_to': None, 'only_with_salary': False, 'experience': [], 'employment': [], 'schedule': [], 'date_from': '2025-03-24', 'date_to': '2025-04-23'}
Сгенерированные параметры: {'text': 'Python', 'area': '1002', 'only_with_salary': False, 'date_from': '2025-03-24', 'date_to': '2025-04-23'}
Кол-во полученных вакансий: 284
Блоки статистики: ['Общая характеристика', 'Анализ зарплат']

=== Новый анализ ===
Время: 2025-04-24 01:22:02.846233
Фильтры из формы: {'text': 'Python', 'area': ['2334'], 'salary_from': None, 'salary_to': None, 'only_with_salary': False, 'experience': [], 'employment': [], 'schedule': [], 'date_from': '2025-03-24', 'date_to': '2025-04-23'}
Сгенерированные параметры: {'text': 'Python', 'only_with_salary': False, 'date_from': '2025-03-24', 'date_to': '2025-04-23'}
Кол-во полученных вакансий: 1900
Блоки статистики: ['Общая характеристика', 'Анализ зарплат']

=== Новый анализ ===
Время: 2025-04-24 01:23:29.894250
Фильтры из формы: {'text': 'Python', 'area': ['2239'], 'salary_from': None, 'salary_to': None, 'only_with_salary': False, 'experience': [], 'employment': [], 'schedule': [], 'date_from': '2025-03-24', 'date_to': '2025-04-23'}
Сгенерированные параметры: {'text': 'Python', 'only_with_salary': False, 'date_from': '2025-03-24', 'date_to': '2025-04-23'}
Кол-во полученных вакансий: 1900
Блоки статистики: ['Общая характеристика', 'Анализ зарплат']

=== Новый анализ ===
Время: 2025-04-24 01:31:24.015447
Фильтры из формы: {'text': 'Python', 'area': ['2239'], 'salary_from': None, 'salary_to': None, 'only_with_salary': False, 'experience': [], 'employment': [], 'schedule': [], 'date_from': '2025-03-24', 'date_to': '2025-04-23'}
Сгенерированные параметры: {'text': 'Python', 'only_with_salary': False, 'date_from': '2025-03-24', 'date_to': '2025-04-23'}
Кол-во полученных вакансий: 2000
Блоки статистики: ['Общая характеристика', 'Анализ зарплат']

=== Новый анализ ===
Время: 2025-04-24 01:37:26.654901
Фильтры из формы: {'text': 'Python', 'area': ['2239'], 'salary_from': None, 'salary_to': None, 'only_with_salary': False, 'experience': [], 'employment': [], 'schedule': [], 'date_from': '2025-03-24', 'date_to': '2025-04-23'}
Сгенерированные параметры: {'text': 'Python', 'only_with_salary': False, 'date_from': '2025-03-24', 'date_to': '2025-04-23'}
Кол-во полученных вакансий: 2000
Блоки статистики: ['Общая характеристика', 'Анализ зарплат']

=== Новый анализ ===
Время: 2025-04-24 01:47:19.195551
Фильтры из формы: {'text': 'Python', 'area': ['2239'], 'salary_from': None, 'salary_to': None, 'only_with_salary': False, 'experience': [], 'employment': [], 'schedule': [], 'date_from': '2025-03-24', 'date_to': '2025-04-23'}
Сгенерированные параметры: {'text': 'Python', 'only_with_salary': False, 'date_from': '2025-03-24', 'date_to': '2025-04-23'}
Кол-во полученных вакансий: 1950
Блоки статистики: ['Общая характеристика', 'Анализ зарплат']

=== Новый анализ ===
Время: 2025-04-24 01:55:31.281177
Фильтры из формы: {'text': 'Python', 'area': ['2239'], 'salary_from': None, 'salary_to': None, 'only_with_salary': False, 'experience': [], 'employment': [], 'schedule': [], 'date_from': '2025-03-24', 'date_to': '2025-04-23'}
Сгенерированные параметры: {'text': 'Python', 'only_with_salary': False, 'date_from': '2025-03-24', 'date_to': '2025-04-23'}
Кол-во полученных вакансий: 2000
Блоки статистики: ['Общая характеристика', 'Анализ зарплат']

=== Новый анализ ===
Время: 2025-04-24 01:57:22.377771
Фильтры из формы: {'text': 'Python', 'area': ['2239'], 'salary_from': None, 'salary_to': None, 'only_with_salary': False, 'experience': [], 'employment': [], 'schedule': [], 'date_from': '2025-03-24', 'date_to': '2025-04-23'}
Сгенерированные параметры: {'text': 'Python', 'only_with_salary': False, 'date_from': '2025-03-24', 'date_to': '2025-04-23'}
Кол-во полученных вакансий: 2000
Блоки статистики: ['Общая характеристика', 'Анализ зарплат']

=== Новый анализ ===
Время: 2025-04-24 01:58:17.842552
Фильтры из формы: {'text': 'Python', 'area': ['1002'], 'salary_from': None, 'salary_to': None, 'only_with_salary': False, 'experience': [], 'employment': [], 'schedule': [], 'date_from': '2025-03-24', 'date_to': '2025-04-23'}
Сгенерированные параметры: {'text': 'Python', 'area': '1002', 'only_with_salary': False, 'date_from': '2025-03-24', 'date_to': '2025-04-23'}
Кол-во полученных вакансий: 284
Блоки статистики: ['Общая характеристика', 'Анализ зарплат']

=== Новый анализ ===
Время: 2025-04-24 01:59:33.062923
Фильтры из формы: {'text': 'Python', 'area': ['2239'], 'salary_from': None, 'salary_to': None, 'only_with_salary': False, 'experience': [], 'employment': [], 'schedule': [], 'date_from': '2025-03-24', 'date_to': '2025-04-23'}
Сгенерированные параметры: {'text': 'Python', 'only_with_salary': False, 'date_from': '2025-03-24', 'date_to': '2025-04-23'}
Кол-во полученных вакансий: 2000
Блоки статистики: ['Общая характеристика', 'Анализ зарплат']

=== Новый анализ ===
Время: 2025-04-24 02:02:36.033418
Фильтры из формы: {'text': 'Python', 'area': ['2239'], 'salary_from': None, 'salary_to': None, 'only_with_salary': False, 'experience': [], 'employment': [], 'schedule': [], 'date_from': '2025-03-24', 'date_to': '2025-04-23'}
Сгенерированные параметры: {'text': 'Python', 'only_with_salary': False, 'date_from': '2025-03-24', 'date_to': '2025-04-23'}
Кол-во полученных вакансий: 1900
Блоки статистики: ['Общая характеристика', 'Анализ зарплат']

=== Новый анализ ===
Время: 2025-04-24 02:05:29.882539
Фильтры из формы: {'text': '', 'area': ['2239'], 'salary_from': None, 'salary_to': None, 'only_with_salary': False, 'experience': [], 'employment': [], 'schedule': [], 'date_from': '2025-03-24', 'date_to': '2025-04-23'}
Сгенерированные параметры: {'area': '2239', 'only_with_salary': False, 'date_from': '2025-03-24', 'date_to': '2025-04-23'}
Кол-во полученных вакансий: 632
Блоки статистики: ['Общая характеристика', 'Анализ зарплат']

=== Новый анализ ===
Время: 2025-04-24 02:10:55.557257
Фильтры из формы: {'text': 'IT', 'area': ['2239'], 'salary_from': None, 'salary_to': None, 'only_with_salary': False, 'experience': [], 'employment': [], 'schedule': [], 'date_from': '2025-03-24', 'date_to': '2025-04-23'}
Сгенерированные параметры: {'text': 'IT', 'area': '2239', 'only_with_salary': False, 'date_from': '2025-03-24', 'date_to': '2025-04-23'}
Кол-во полученных вакансий: 7
Блоки статистики: ['Общая характеристика', 'Анализ зарплат']

=== Новый анализ ===
Время: 2025-04-24 02:13:47.006415
Фильтры из формы: {'text': 'Python OR Java OR JavaScript OR Frontend OR Backend OR Fullstack OR DevOps OR QA OR Tester OR 1C OR C# OR C++ OR Data Scientist OR ML OR AI OR UX OR UI OR Android OR iOS OR System Analyst OR Business Analyst OR Product Manager OR Project Manager OR Flutter', 'area': ['2239'], 'salary_from': None, 'salary_to': None, 'only_with_salary': False, 'experience': [], 'employment': [], 'schedule': [], 'date_from': '2025-03-24', 'date_to': '2025-04-23'}
Сгенерированные параметры: {'text': 'Python OR Java OR JavaScript OR Frontend OR Backend OR Fullstack OR DevOps OR QA OR Tester OR 1C OR C# OR C++ OR Data Scientist OR ML OR AI OR UX OR UI OR Android OR iOS OR System Analyst OR Business Analyst OR Product Manager OR Project Manager OR Flutter', 'area': '2239', 'only_with_salary': False, 'date_from': '2025-03-24', 'date_to': '2025-04-23'}
Кол-во полученных вакансий: 61
Блоки статистики: ['Общая характеристика', 'Анализ зарплат']

=== Новый анализ ===
Время: 2025-04-24 02:17:13.182341
Фильтры из формы: {'text': 'Python OR Java OR JavaScript OR Frontend OR Backend OR DevOps OR QA OR Tester OR ML OR AI OR Data OR C# OR C++ OR 1C OR Android OR iOS OR UX OR UI OR Разработчик OR Программист OR System Analyst OR Business Analyst OR Product Manager OR Project Manager OR Flutter OR Бизнес-аналитик', 'area': ['2239'], 'salary_from': None, 'salary_to': None, 'only_with_salary': False, 'experience': [], 'employment': [], 'schedule': [], 'date_from': '2025-03-24', 'date_to': '2025-04-23'}
Сгенерированные параметры: {'text': 'Python OR Java OR JavaScript OR Frontend OR Backend OR DevOps OR QA OR Tester OR ML OR AI OR Data OR C# OR C++ OR 1C OR Android OR iOS OR UX OR UI OR Разработчик OR Программист OR System Analyst OR Business Analyst OR Product Manager OR Project Manager OR Flutter OR Бизнес-аналитик', 'area': '2239', 'only_with_salary': False, 'date_from': '2025-03-24', 'date_to': '2025-04-23'}
Кол-во полученных вакансий: 61
Блоки статистики: ['Общая характеристика', 'Анализ зарплат']

=== Новый анализ ===
Время: 2025-04-24 02:19:58.504281
Фильтры из формы: {'text': 'Python OR Java OR JavaScript OR Frontend OR Backend OR DevOps OR QA OR Tester OR ML OR AI OR Data OR C# OR C++ OR 1C OR Android OR iOS OR UX OR UI OR Разработчик OR Программист OR Flutter', 'area': ['2239'], 'salary_from': None, 'salary_to': None, 'only_with_salary': False, 'experience': [], 'employment': [], 'schedule': [], 'date_from': '2025-03-24', 'date_to': '2025-04-23'}
Сгенерированные параметры: {'text': 'Python OR Java OR JavaScript OR Frontend OR Backend OR DevOps OR QA OR Tester OR ML OR AI OR Data OR C# OR C++ OR 1C OR Android OR iOS OR UX OR UI OR Разработчик OR Программист OR Flutter', 'area': '2239', 'only_with_salary': False, 'date_from': '2025-03-24', 'date_to': '2025-04-23'}
Кол-во полученных вакансий: 61
Блоки статистики: ['Общая характеристика', 'Анализ зарплат']

=== Новый анализ ===
Время: 2025-04-24 02:20:08.889042
Фильтры из формы: {'text': 'Python OR Java OR JavaScript OR Frontend OR Backend OR DevOps OR QA OR Tester OR ML OR AI OR Data OR C# OR C++ OR 1C OR Android OR iOS OR UX OR UI OR Разработчик OR Программист OR Flutter', 'area': ['2239'], 'salary_from': None, 'salary_to': None, 'only_with_salary': False, 'experience': [], 'employment': [], 'schedule': [], 'date_from': '2025-03-24', 'date_to': '2025-04-23'}
Сгенерированные параметры: {'text': 'Python OR Java OR JavaScript OR Frontend OR Backend OR DevOps OR QA OR Tester OR ML OR AI OR Data OR C# OR C++ OR 1C OR Android OR iOS OR UX OR UI OR Разработчик OR Программист OR Flutter', 'area': '2239', 'only_with_salary': False, 'date_from': '2025-03-24', 'date_to': '2025-04-23'}
Кол-во полученных вакансий: 61
Блоки статистики: ['Общая характеристика', 'Анализ зарплат']

=== Новый анализ ===
Время: 2025-04-24 02:24:19.562606
Фильтры из формы: {'text': 'Python OR Java OR JavaScript OR Frontend OR Backend OR DevOps OR QA OR Tester OR ML OR AI OR Data OR C# OR C++ OR 1C OR Android OR iOS OR UX OR UI OR Разработчик OR Программист OR Fullstack OR System Analyst OR Бизнес-аналитик OR Product Manager OR Flutter', 'area': ['2239'], 'salary_from': None, 'salary_to': None, 'only_with_salary': False, 'experience': [], 'employment': [], 'schedule': [], 'date_from': '2025-03-24', 'date_to': '2025-04-23'}
Сгенерированные параметры: {'text': 'Python OR Java OR JavaScript OR Frontend OR Backend OR DevOps OR QA OR Tester OR ML OR AI OR Data OR C# OR C++ OR 1C OR Android OR iOS OR UX OR UI OR Разработчик OR Программист OR Fullstack OR System Analyst OR Бизнес-аналитик OR Product Manager OR Flutter', 'area': '2239', 'only_with_salary': False, 'date_from': '2025-03-24', 'date_to': '2025-04-23'}
Кол-во полученных вакансий: 61
Блоки статистики: ['Общая характеристика', 'Анализ зарплат']

=== Новый анализ ===
Время: 2025-04-24 02:27:04.501578
Фильтры из формы: {'text': 'Python OR Java OR JavaScript OR Frontend OR Backend OR DevOps OR QA OR Tester OR ML OR AI OR Data OR C# OR C++ OR 1C OR Android OR iOS OR UX OR UI OR Разработчик OR Программист OR Fullstack OR System Analyst OR Бизнес-аналитик OR Product Manager OR Flutter', 'area': ['2239'], 'salary_from': None, 'salary_to': None, 'only_with_salary': False, 'experience': [], 'employment': [], 'schedule': [], 'date_from': '2025-03-24', 'date_to': '2025-04-23'}
Сгенерированные параметры: {'text': 'Python OR Java OR JavaScript OR Frontend OR Backend OR DevOps OR QA OR Tester OR ML OR AI OR Data OR C# OR C++ OR 1C OR Android OR iOS OR UX OR UI OR Разработчик OR Программист OR Fullstack OR System Analyst OR Бизнес-аналитик OR Product Manager OR Flutter', 'area': '2239', 'only_with_salary': False, 'date_from': '2025-03-24', 'date_to': '2025-04-23'}
Кол-во полученных вакансий: 61
Блоки статистики: ['Общая характеристика', 'Анализ зарплат']

=== Новый анализ ===
Время: 2025-04-24 02:28:22.400126
Фильтры из формы: {'text': '', 'area': ['2239'], 'salary_from': None, 'salary_to': None, 'only_with_salary': False, 'experience': [], 'employment': [], 'schedule': [], 'date_from': '2025-03-24', 'date_to': '2025-04-23'}
Сгенерированные параметры: {'area': '2239', 'only_with_salary': False, 'date_from': '2025-03-24', 'date_to': '2025-04-23'}
Кол-во полученных вакансий: 632
Блоки статистики: ['Общая характеристика', 'Анализ зарплат']

=== Новый анализ ===
Время: 2025-04-24 02:28:59.110024
Фильтры из формы: {'text': '', 'area': ['2239'], 'salary_from': None, 'salary_to': None, 'only_with_salary': False, 'experience': [], 'employment': [], 'schedule': [], 'date_from': '2025-03-24', 'date_to': '2025-04-23'}
Сгенерированные параметры: {'area': '2239', 'only_with_salary': False, 'date_from': '2025-03-24', 'date_to': '2025-04-23'}
Кол-во полученных вакансий: 632
Блоки статистики: ['Общая характеристика', 'Анализ зарплат']

=== Новый анализ ===
Время: 2025-04-24 02:29:50.246322
Фильтры из формы: {'text': 'программист разработчик developer IT', 'is_it_related': True, 'area': ['2239'], 'salary_from': None, 'salary_to': None, 'only_with_salary': False, 'experience': [], 'employment': [], 'schedule': [], 'date_from': '2025-03-24', 'date_to': '2025-04-23'}
Сгенерированные параметры: {'text': 'программист разработчик developer IT', 'professional_field': '1.221', 'industry': '7.541', 'area': '2239', 'only_with_salary': False, 'date_from': '2025-03-24', 'date_to': '2025-04-23'}
Кол-во полученных вакансий: 1
Блоки статистики: ['Общая характеристика', 'Анализ зарплат']

=== Новый анализ ===
Время: 2025-04-24 02:31:35.740394
Фильтры из формы: {'text': 'программист разработчик developer IT Flutter designer дизайнер UX UI', 'is_it_related': True, 'area': ['2239'], 'salary_from': None, 'salary_to': None, 'only_with_salary': False, 'experience': [], 'employment': [], 'schedule': [], 'date_from': '2025-03-24', 'date_to': '2025-04-23'}
Сгенерированные параметры: {'text': 'программист разработчик developer IT Flutter designer дизайнер UX UI', 'professional_field': '1.221', 'industry': '7.541', 'only_with_salary': False, 'date_from': '2025-03-24', 'date_to': '2025-04-23'}
Кол-во полученных вакансий: 3
Блоки статистики: ['Общая характеристика', 'Анализ зарплат']

=== Новый анализ ===
Время: 2025-04-24 02:32:15.172372
Фильтры из формы: {'text': 'программист разработчик developer IT', 'is_it_related': True, 'area': ['2239'], 'salary_from': None, 'salary_to': None, 'only_with_salary': False, 'experience': [], 'employment': [], 'schedule': [], 'date_from': None, 'date_to': None}
Сгенерированные параметры: {'text': 'программист разработчик developer IT', 'professional_field': '1.221', 'industry': '7.541', 'area': '2239', 'only_with_salary': False}
Кол-во полученных вакансий: 1
Блоки статистики: ['Общая характеристика', 'Анализ зарплат']

=== Новый анализ ===
Время: 2025-04-24 02:32:39.078327
Фильтры из формы: {'text': 'программист разработчик developer IT', 'is_it_related': True, 'area': ['2233'], 'salary_from': None, 'salary_to': None, 'only_with_salary': False, 'experience': [], 'employment': [], 'schedule': [], 'date_from': None, 'date_to': None}
Сгенерированные параметры: {'text': 'программист разработчик developer IT', 'professional_field': '1.221', 'industry': '7.541', 'area': '2233', 'only_with_salary': False}
Кол-во полученных вакансий: 1
Блоки статистики: ['Общая характеристика', 'Анализ зарплат']

=== Новый анализ ===
Время: 2025-04-24 02:33:39.715122
Фильтры из формы: {'text': 'программист разработчик developer IT', 'is_it_related': True, 'area': ['2233'], 'salary_from': None, 'salary_to': None, 'only_with_salary': False, 'experience': [], 'employment': [], 'schedule': [], 'date_from': None, 'date_to': None}
Сгенерированные параметры: {'text': 'программист разработчик developer IT', 'professional_field': '1.221', 'industry': '7.541', 'area': '2233', 'only_with_salary': False}
Кол-во полученных вакансий: 1
Блоки статистики: ['Общая характеристика', 'Анализ зарплат']

=== Новый анализ ===
Время: 2025-04-24 02:34:39.677877
Фильтры из формы: {'text': 'Python OR Java OR JavaScript OR Frontend OR Backend OR DevOps OR QA OR Tester OR ML OR AI OR Data OR C# OR C++ OR 1C OR Android OR iOS OR UX OR UI OR Разработчик OR Программист OR Fullstack OR System Analyst OR Бизнес-аналитик OR Product Manager OR Flutter', 'area': ['2233'], 'salary_from': None, 'salary_to': None, 'only_with_salary': False, 'experience': [], 'employment': [], 'schedule': [], 'date_from': None, 'date_to': None}
Сгенерированные параметры: {'text': 'Python OR Java OR JavaScript OR Frontend OR Backend OR DevOps OR QA OR Tester OR ML OR AI OR Data OR C# OR C++ OR 1C OR Android OR iOS OR UX OR UI OR Разработчик OR Программист OR Fullstack OR System Analyst OR Бизнес-аналитик OR Product Manager OR Flutter', 'area': '2233', 'only_with_salary': False}
Кол-во полученных вакансий: 133
Блоки статистики: ['Общая характеристика', 'Анализ зарплат']

=== Новый анализ ===
Время: 2025-04-24 02:34:39.678878
Фильтры из формы: {'text': 'Python OR Java OR JavaScript OR Frontend OR Backend OR DevOps OR QA OR Tester OR ML OR AI OR Data OR C# OR C++ OR 1C OR Android OR iOS OR UX OR UI OR Разработчик OR Программист OR Fullstack OR System Analyst OR Бизнес-аналитик OR Product Manager OR Flutter', 'area': ['2233'], 'salary_from': None, 'salary_to': None, 'only_with_salary': False, 'experience': [], 'employment': [], 'schedule': [], 'date_from': None, 'date_to': None}
Сгенерированные параметры: {'text': 'Python OR Java OR JavaScript OR Frontend OR Backend OR DevOps OR QA OR Tester OR ML OR AI OR Data OR C# OR C++ OR 1C OR Android OR iOS OR UX OR UI OR Разработчик OR Программист OR Fullstack OR System Analyst OR Бизнес-аналитик OR Product Manager OR Flutter', 'area': '2233', 'only_with_salary': False}
Кол-во полученных вакансий: 133
Блоки статистики: ['Общая характеристика', 'Анализ зарплат']

=== Новый анализ ===
Время: 2025-04-24 02:35:16.059336
Фильтры из формы: {'text': '', 'area': ['2233'], 'salary_from': None, 'salary_to': None, 'only_with_salary': False, 'experience': [], 'employment': [], 'schedule': [], 'date_from': None, 'date_to': None}
Сгенерированные параметры: {'area': '2233', 'only_with_salary': False}
Кол-во полученных вакансий: 1476
Блоки статистики: ['Общая характеристика', 'Анализ зарплат']

=== Новый анализ ===
Время: 2025-04-24 02:36:28.069673
Фильтры из формы: {'text': 'Python', 'area': ['2233'], 'salary_from': None, 'salary_to': None, 'only_with_salary': False, 'experience': [], 'employment': [], 'schedule': [], 'date_from': None, 'date_to': None}
Сгенерированные параметры: {'text': 'Python', 'only_with_salary': False}
Кол-во полученных вакансий: 1950
Блоки статистики: ['Общая характеристика', 'Анализ зарплат']

=== Новый анализ ===
Время: 2025-04-24 02:45:09.811464
Фильтры из формы: {'text': 'Python OR Java OR JavaScript OR C++ OR C# OR PHP OR Go OR Kotlin OR Frontend OR Backend OR Fullstack OR DevOps OR QA OR Тестировщик OR Data Scientist OR Data Analyst OR ML OR AI OR Business Analyst OR Системный аналитик OR UX/UI OR Product Manager OR Project Manager OR 1C OR Сетевой инженер OR Системный администратор OR Game Developer OR Android OR iOS', 'area': ['2233'], 'salary_from': None, 'salary_to': None, 'only_with_salary': False, 'experience': [], 'employment': [], 'schedule': [], 'date_from': None, 'date_to': None}
Сгенерированные параметры: {'text': 'Python OR Java OR JavaScript OR C++ OR C# OR PHP OR Go OR Kotlin OR Frontend OR Backend OR Fullstack OR DevOps OR QA OR Тестировщик OR Data Scientist OR Data Analyst OR ML OR AI OR Business Analyst OR Системный аналитик OR UX/UI OR Product Manager OR Project Manager OR 1C OR Сетевой инженер OR Системный администратор OR Game Developer OR Android OR iOS', 'area': '2233', 'only_with_salary': False}
Кол-во полученных вакансий: 136
Блоки статистики: ['Общая характеристика', 'Анализ зарплат']

=== Новый анализ ===
Время: 2025-04-24 02:49:24.087443
Фильтры из формы: {'text': 'Python OR Java OR JavaScript OR C++ OR C# OR PHP OR Go OR Kotlin OR Frontend OR Backend OR Fullstack OR DevOps OR QA OR Тестировщик OR Data Scientist OR Data Analyst OR ML OR AI OR Business Analyst OR Системный аналитик OR UX/UI OR Product Manager OR Project Manager OR 1C OR Сетевой инженер OR Системный администратор OR Game Developer OR Android OR iOS', 'area': ['2233'], 'salary_from': None, 'salary_to': None, 'only_with_salary': False, 'experience': [], 'employment': [], 'schedule': [], 'date_from': None, 'date_to': None}
Сгенерированные параметры: {'text': 'Python OR Java OR JavaScript OR C++ OR C# OR PHP OR Go OR Kotlin OR Frontend OR Backend OR Fullstack OR DevOps OR QA OR Тестировщик OR Data Scientist OR Data Analyst OR ML OR AI OR Business Analyst OR Системный аналитик OR UX/UI OR Product Manager OR Project Manager OR 1C OR Сетевой инженер OR Системный администратор OR Game Developer OR Android OR iOS', 'area': '2233', 'only_with_salary': False}
Кол-во полученных вакансий: 2
Блоки статистики: ['Общая характеристика', 'Анализ зарплат']

=== Новый анализ ===
Время: 2025-04-24 02:51:39.409923
Фильтры из формы: {'text': 'Python OR Java OR JavaScript OR C++ OR C# OR PHP OR Go OR Kotlin OR Frontend OR Backend OR Fullstack OR DevOps OR QA OR Тестировщик OR Data Scientist OR Data Analyst OR ML OR AI OR Business Analyst OR Системный аналитик OR UX/UI OR Product Manager OR Project Manager OR 1C OR Сетевой инженер OR Системный администратор OR Game Developer OR Android OR iOS', 'area': ['2233'], 'salary_from': None, 'salary_to': None, 'only_with_salary': False, 'experience': [], 'employment': [], 'schedule': [], 'date_from': None, 'date_to': None}
Сгенерированные параметры: {'text': 'Python OR Java OR JavaScript OR C++ OR C# OR PHP OR Go OR Kotlin OR Frontend OR Backend OR Fullstack OR DevOps OR QA OR Тестировщик OR Data Scientist OR Data Analyst OR ML OR AI OR Business Analyst OR Системный аналитик OR UX/UI OR Product Manager OR Project Manager OR 1C OR Сетевой инженер OR Системный администратор OR Game Developer OR Android OR iOS', 'area': '2233', 'only_with_salary': False}
Кол-во полученных вакансий: 2
Блоки статистики: ['Общая характеристика', 'Анализ зарплат']

=== Новый анализ ===
Время: 2025-04-24 02:53:02.519629
Фильтры из формы: {'text': 'Python OR Java OR JavaScript OR C++ OR C# OR PHP OR Go OR Kotlin OR Frontend OR Backend OR Fullstack OR DevOps OR QA OR Тестировщик OR Data Scientist OR Data Analyst OR ML OR AI OR Business Analyst OR Системный аналитик OR UX/UI OR Product Manager OR Project Manager OR 1C OR Сетевой инженер OR Системный администратор OR Game Developer OR Android OR iOS', 'area': ['2233'], 'salary_from': None, 'salary_to': None, 'only_with_salary': False, 'experience': [], 'employment': [], 'schedule': [], 'date_from': None, 'date_to': None}
Сгенерированные параметры: {'text': 'Python OR Java OR JavaScript OR C++ OR C# OR PHP OR Go OR Kotlin OR Frontend OR Backend OR Fullstack OR DevOps OR QA OR Тестировщик OR Data Scientist OR Data Analyst OR ML OR AI OR Business Analyst OR Системный аналитик OR UX/UI OR Product Manager OR Project Manager OR 1C OR Сетевой инженер OR Системный администратор OR Game Developer OR Android OR iOS', 'area': '2233', 'only_with_salary': False}
Кол-во полученных вакансий: 2
Блоки статистики: ['Общая характеристика', 'Анализ зарплат']

=== Новый анализ ===
Время: 2025-04-24 02:55:11.813704
Фильтры из формы: {'text': '', 'area': ['2233'], 'salary_from': None, 'salary_to': None, 'only_with_salary': False, 'experience': [], 'employment': [], 'schedule': [], 'date_from': None, 'date_to': None}
Сгенерированные параметры: {'area': '2233', 'only_with_salary': False}
Кол-во полученных вакансий: 1476
Блоки статистики: ['Общая характеристика', 'Анализ зарплат']

=== Новый анализ ===
Время: 2025-04-24 03:00:42.713996
Фильтры из формы: {'text': 'Python OR Java OR JavaScript OR C++ OR C# OR PHP OR Go OR Kotlin OR Frontend OR Backend OR Fullstack OR DevOps OR QA OR Тестировщик OR Data Scientist OR Data Analyst OR ML OR AI OR Business Analyst OR Системный аналитик OR UX/UI OR Product Manager OR Project Manager OR 1C OR Сетевой инженер OR Системный администратор OR Game Developer OR Android OR iOS', 'area': ['2233'], 'salary_from': None, 'salary_to': None, 'only_with_salary': False, 'experience': [], 'employment': [], 'schedule': [], 'date_from': None, 'date_to': None}
Сгенерированные параметры: {'text': 'Python OR Java OR JavaScript OR C++ OR C# OR PHP OR Go OR Kotlin OR Frontend OR Backend OR Fullstack OR DevOps OR QA OR Тестировщик OR Data Scientist OR Data Analyst OR ML OR AI OR Business Analyst OR Системный аналитик OR UX/UI OR Product Manager OR Project Manager OR 1C OR Сетевой инженер OR Системный администратор OR Game Developer OR Android OR iOS', 'area': '2233', 'only_with_salary': False}
Кол-во полученных вакансий: 3
Блоки статистики: ['Общая характеристика', 'Анализ зарплат']

=== Новый анализ ===
Время: 2025-04-24 03:01:45.043567
Фильтры из формы: {'text': 'Python OR Java OR JavaScript OR C++ OR C# OR PHP OR Go OR Kotlin OR Frontend OR Backend OR Fullstack OR DevOps OR QA OR Тестировщик OR Data Scientist OR Data Analyst OR ML OR AI OR Business Analyst OR Системный аналитик OR UX/UI OR Product Manager OR Project Manager OR 1C OR Сетевой инженер OR Системный администратор OR Game Developer OR Android OR iOS', 'area': ['2233'], 'salary_from': None, 'salary_to': None, 'only_with_salary': False, 'experience': [], 'employment': [], 'schedule': [], 'date_from': None, 'date_to': None}
Сгенерированные параметры: {'text': 'Python OR Java OR JavaScript OR C++ OR C# OR PHP OR Go OR Kotlin OR Frontend OR Backend OR Fullstack OR DevOps OR QA OR Тестировщик OR Data Scientist OR Data Analyst OR ML OR AI OR Business Analyst OR Системный аналитик OR UX/UI OR Product Manager OR Project Manager OR 1C OR Сетевой инженер OR Системный администратор OR Game Developer OR Android OR iOS', 'area': '2233', 'only_with_salary': False}
Кол-во полученных вакансий: 3
Блоки статистики: ['Общая характеристика', 'Анализ зарплат']

=== Новый анализ ===
Время: 2025-04-24 03:01:54.924029
Фильтры из формы: {'text': 'Python OR Java OR JavaScript OR C++ OR C# OR PHP OR Go OR Kotlin OR Frontend OR Backend OR Fullstack OR DevOps OR QA OR Тестировщик OR Data Scientist OR Data Analyst OR ML OR AI OR Business Analyst OR Системный аналитик OR UX/UI OR Product Manager OR Project Manager OR 1C OR Сетевой инженер OR Системный администратор OR Game Developer OR Android OR iOS', 'area': ['2233'], 'salary_from': None, 'salary_to': None, 'only_with_salary': False, 'experience': [], 'employment': [], 'schedule': [], 'date_from': None, 'date_to': None}
Сгенерированные параметры: {'text': 'Python OR Java OR JavaScript OR C++ OR C# OR PHP OR Go OR Kotlin OR Frontend OR Backend OR Fullstack OR DevOps OR QA OR Тестировщик OR Data Scientist OR Data Analyst OR ML OR AI OR Business Analyst OR Системный аналитик OR UX/UI OR Product Manager OR Project Manager OR 1C OR Сетевой инженер OR Системный администратор OR Game Developer OR Android OR iOS', 'area': '2233', 'only_with_salary': False}
Кол-во полученных вакансий: 3
Блоки статистики: ['Общая характеристика', 'Анализ зарплат']

=== Новый анализ ===
Время: 2025-04-24 03:02:23.085304
Фильтры из формы: {'text': 'Python OR Java OR JavaScript OR C++ OR C# OR PHP OR Go OR Kotlin OR Frontend OR Backend OR Fullstack OR DevOps OR QA OR Тестировщик OR Data Scientist OR Data Analyst OR ML OR AI OR Business Analyst OR Системный аналитик OR UX/UI OR Product Manager OR Project Manager OR 1C OR Сетевой инженер OR Системный администратор OR Game Developer OR Android OR iOS', 'area': ['2233'], 'salary_from': None, 'salary_to': None, 'only_with_salary': False, 'experience': [], 'employment': [], 'schedule': [], 'date_from': None, 'date_to': None}
Сгенерированные параметры: {'text': 'Python OR Java OR JavaScript OR C++ OR C# OR PHP OR Go OR Kotlin OR Frontend OR Backend OR Fullstack OR DevOps OR QA OR Тестировщик OR Data Scientist OR Data Analyst OR ML OR AI OR Business Analyst OR Системный аналитик OR UX/UI OR Product Manager OR Project Manager OR 1C OR Сетевой инженер OR Системный администратор OR Game Developer OR Android OR iOS', 'area': '2233', 'only_with_salary': False}
Кол-во полученных вакансий: 3
Блоки статистики: ['Общая характеристика', 'Анализ зарплат']

=== Новый анализ ===
Время: 2025-04-24 03:03:33.128118
Фильтры из формы: {'text': 'Python OR Java OR JavaScript OR C++ OR C# OR PHP OR Go OR Kotlin OR Frontend OR Backend OR Fullstack OR DevOps OR QA OR Тестировщик OR Data Scientist OR Data Analyst OR ML OR AI OR Business Analyst OR Системный аналитик OR UX/UI OR Product Manager OR Project Manager OR 1C OR Сетевой инженер OR Системный администратор OR Game Developer OR Android OR iOS', 'area': ['1007'], 'salary_from': None, 'salary_to': None, 'only_with_salary': False, 'experience': [], 'employment': [], 'schedule': [], 'date_from': None, 'date_to': None}
Сгенерированные параметры: {'text': 'Python OR Java OR JavaScript OR C++ OR C# OR PHP OR Go OR Kotlin OR Frontend OR Backend OR Fullstack OR DevOps OR QA OR Тестировщик OR Data Scientist OR Data Analyst OR ML OR AI OR Business Analyst OR Системный аналитик OR UX/UI OR Product Manager OR Project Manager OR 1C OR Сетевой инженер OR Системный администратор OR Game Developer OR Android OR iOS', 'area': '1007', 'only_with_salary': False}
Кол-во полученных вакансий: 15
Блоки статистики: ['Общая характеристика', 'Анализ зарплат']

=== Новый анализ ===
Время: 2025-04-24 03:05:16.821092
Фильтры из формы: {'text': 'Python OR Java OR JavaScript OR C++ OR C# OR PHP OR Go OR Kotlin OR Frontend OR Backend OR Fullstack OR DevOps OR QA OR Тестировщик OR Data Scientist OR Data Analyst OR ML OR AI OR Business Analyst OR Системный аналитик OR UX/UI OR Product Manager OR Project Manager OR 1C OR Сетевой инженер OR Системный администратор OR Game Developer OR Android OR iOS', 'area': ['1007'], 'salary_from': None, 'salary_to': None, 'only_with_salary': False, 'experience': [], 'employment': [], 'schedule': [], 'date_from': None, 'date_to': None}
Сгенерированные параметры: {'text': 'Python OR Java OR JavaScript OR C++ OR C# OR PHP OR Go OR Kotlin OR Frontend OR Backend OR Fullstack OR DevOps OR QA OR Тестировщик OR Data Scientist OR Data Analyst OR ML OR AI OR Business Analyst OR Системный аналитик OR UX/UI OR Product Manager OR Project Manager OR 1C OR Сетевой инженер OR Системный администратор OR Game Developer OR Android OR iOS', 'area': '1007', 'only_with_salary': False}
Кол-во полученных вакансий: 15
Блоки статистики: ['Общая характеристика', 'Анализ зарплат']

=== Новый анализ ===
Время: 2025-04-24 03:12:25.040153
Фильтры из формы: {'text': 'Python OR Java OR JavaScript OR C++ OR C# OR PHP OR Go OR Kotlin OR Frontend OR Backend OR Fullstack OR DevOps OR QA OR Тестировщик OR Data Scientist OR Data Analyst OR ML OR AI OR Business Analyst OR Системный аналитик OR UX/UI OR Product Manager OR Project Manager OR 1C OR Сетевой инженер OR Системный администратор OR Game Developer OR Android OR iOS', 'area': ['1007'], 'salary_from': None, 'salary_to': None, 'only_with_salary': False, 'experience': [], 'employment': [], 'schedule': [], 'date_from': None, 'date_to': None}
Сгенерированные параметры: {'text': 'Python OR Java OR JavaScript OR C++ OR C# OR PHP OR Go OR Kotlin OR Frontend OR Backend OR Fullstack OR DevOps OR QA OR Тестировщик OR Data Scientist OR Data Analyst OR ML OR AI OR Business Analyst OR Системный аналитик OR UX/UI OR Product Manager OR Project Manager OR 1C OR Сетевой инженер OR Системный администратор OR Game Developer OR Android OR iOS', 'area': '1007', 'only_with_salary': False}
Кол-во полученных вакансий: 15
Блоки статистики: ['Общая характеристика', 'Анализ зарплат']

=== Новый анализ ===
Время: 2025-04-24 03:13:56.325031
Фильтры из формы: {'text': 'Python OR Java OR JavaScript OR C++ OR C# OR PHP OR Go OR Kotlin OR Frontend OR Backend OR Fullstack OR DevOps OR QA OR Тестировщик OR Data Scientist OR Data Analyst OR ML OR AI OR Business Analyst OR Системный аналитик OR UX/UI OR Product Manager OR Project Manager OR 1C OR Сетевой инженер OR Системный администратор OR Game Developer OR Android OR iOS', 'area': ['1007'], 'salary_from': None, 'salary_to': None, 'only_with_salary': False, 'experience': [], 'employment': [], 'schedule': [], 'date_from': None, 'date_to': None}
Сгенерированные параметры: {'text': 'Python OR Java OR JavaScript OR C++ OR C# OR PHP OR Go OR Kotlin OR Frontend OR Backend OR Fullstack OR DevOps OR QA OR Тестировщик OR Data Scientist OR Data Analyst OR ML OR AI OR Business Analyst OR Системный аналитик OR UX/UI OR Product Manager OR Project Manager OR 1C OR Сетевой инженер OR Системный администратор OR Game Developer OR Android OR iOS', 'area': '1007', 'only_with_salary': False}
Кол-во полученных вакансий: 15
Блоки статистики: ['Общая характеристика', 'Анализ зарплат']

=== Новый анализ ===
Время: 2025-04-24 03:14:02.301367
Фильтры из формы: {'text': 'Python OR Java OR JavaScript OR C++ OR C# OR PHP OR Go OR Kotlin OR Frontend OR Backend OR Fullstack OR DevOps OR QA OR Тестировщик OR Data Scientist OR Data Analyst OR ML OR AI OR Business Analyst OR Системный аналитик OR UX/UI OR Product Manager OR Project Manager OR 1C OR Сетевой инженер OR Системный администратор OR Game Developer OR Android OR iOS', 'area': ['1007'], 'salary_from': None, 'salary_to': None, 'only_with_salary': False, 'experience': [], 'employment': [], 'schedule': [], 'date_from': None, 'date_to': None}
Сгенерированные параметры: {'text': 'Python OR Java OR JavaScript OR C++ OR C# OR PHP OR Go OR Kotlin OR Frontend OR Backend OR Fullstack OR DevOps OR QA OR Тестировщик OR Data Scientist OR Data Analyst OR ML OR AI OR Business Analyst OR Системный аналитик OR UX/UI OR Product Manager OR Project Manager OR 1C OR Сетевой инженер OR Системный администратор OR Game Developer OR Android OR iOS', 'area': '1007', 'only_with_salary': False}
Кол-во полученных вакансий: 15
Блоки статистики: ['Общая характеристика', 'Анализ зарплат']

=== Новый анализ ===
Время: 2025-04-24 03:18:11.509248
Фильтры из формы: {'text': 'Python OR Java OR JavaScript OR C++ OR C# OR PHP OR Go OR Kotlin OR Frontend OR Backend OR Fullstack OR DevOps OR QA OR Тестировщик OR Data Scientist OR Data Analyst OR ML OR AI OR Business Analyst OR Системный аналитик OR UX/UI OR Product Manager OR Project Manager OR 1C OR Сетевой инженер OR Системный администратор OR Game Developer OR Android OR iOS', 'area': ['1007'], 'salary_from': None, 'salary_to': None, 'only_with_salary': False, 'experience': [], 'employment': [], 'schedule': [], 'date_from': None, 'date_to': None}
Сгенерированные параметры: {'text': 'Python OR Java OR JavaScript OR C++ OR C# OR PHP OR Go OR Kotlin OR Frontend OR Backend OR Fullstack OR DevOps OR QA OR Тестировщик OR Data Scientist OR Data Analyst OR ML OR AI OR Business Analyst OR Системный аналитик OR UX/UI OR Product Manager OR Project Manager OR 1C OR Сетевой инженер OR Системный администратор OR Game Developer OR Android OR iOS', 'area': '1007', 'only_with_salary': False}
Кол-во полученных вакансий: 15
Блоки статистики: ['Общая характеристика', 'Анализ зарплат']

=== Новый анализ ===
Время: 2025-04-24 03:19:50.364484
Фильтры из формы: {'text': 'Python OR Java OR JavaScript OR C++ OR C# OR PHP OR Go OR Kotlin OR Frontend OR Backend OR Fullstack OR DevOps OR QA OR Тестировщик OR Data Scientist OR Data Analyst OR ML OR AI OR Business Analyst OR Системный аналитик OR UX/UI OR Product Manager OR Project Manager OR 1C OR Сетевой инженер OR Системный администратор OR Game Developer OR Android OR iOS', 'area': ['1007'], 'salary_from': None, 'salary_to': None, 'only_with_salary': False, 'experience': [], 'employment': [], 'schedule': [], 'date_from': None, 'date_to': None}
Сгенерированные параметры: {'text': 'Python OR Java OR JavaScript OR C++ OR C# OR PHP OR Go OR Kotlin OR Frontend OR Backend OR Fullstack OR DevOps OR QA OR Тестировщик OR Data Scientist OR Data Analyst OR ML OR AI OR Business Analyst OR Системный аналитик OR UX/UI OR Product Manager OR Project Manager OR 1C OR Сетевой инженер OR Системный администратор OR Game Developer OR Android OR iOS', 'area': '1007', 'only_with_salary': False}
Кол-во полученных вакансий: 15
Блоки статистики: ['Общая характеристика', 'Анализ зарплат']

=== Новый анализ ===
Время: 2025-04-24 03:23:37.962122
Фильтры из формы: {'text': 'Python OR Java OR JavaScript OR C++ OR C# OR PHP OR Go OR Kotlin OR Frontend OR Backend OR Fullstack OR DevOps OR QA OR Тестировщик OR Data Scientist OR Data Analyst OR ML OR AI OR Business Analyst OR Системный аналитик OR UX/UI OR Product Manager OR Project Manager OR 1C OR Сетевой инженер OR Системный администратор OR Game Developer OR Android OR iOS', 'area': ['1007'], 'salary_from': None, 'salary_to': None, 'only_with_salary': False, 'experience': [], 'employment': [], 'schedule': [], 'date_from': None, 'date_to': None}
Сгенерированные параметры: {'text': 'Python OR Java OR JavaScript OR C++ OR C# OR PHP OR Go OR Kotlin OR Frontend OR Backend OR Fullstack OR DevOps OR QA OR Тестировщик OR Data Scientist OR Data Analyst OR ML OR AI OR Business Analyst OR Системный аналитик OR UX/UI OR Product Manager OR Project Manager OR 1C OR Сетевой инженер OR Системный администратор OR Game Developer OR Android OR iOS', 'area': '1007', 'only_with_salary': False}
Кол-во полученных вакансий: 15
Блоки статистики: ['Общая характеристика', 'Анализ зарплат']

=== Новый анализ ===
Время: 2025-04-24 03:24:00.737201
Фильтры из формы: {'text': 'Python OR Java OR JavaScript OR C++ OR C# OR PHP OR Go OR Kotlin OR Frontend OR Backend OR Fullstack OR DevOps OR QA OR Тестировщик OR Data Scientist OR Data Analyst OR ML OR AI OR Business Analyst OR Системный аналитик OR UX/UI OR Product Manager OR Project Manager OR 1C OR Сетевой инженер OR Системный администратор OR Game Developer OR Android OR iOS', 'area': ['1007'], 'salary_from': None, 'salary_to': None, 'only_with_salary': False, 'experience': [], 'employment': [], 'schedule': [], 'date_from': None, 'date_to': None}
Сгенерированные параметры: {'text': 'Python OR Java OR JavaScript OR C++ OR C# OR PHP OR Go OR Kotlin OR Frontend OR Backend OR Fullstack OR DevOps OR QA OR Тестировщик OR Data Scientist OR Data Analyst OR ML OR AI OR Business Analyst OR Системный аналитик OR UX/UI OR Product Manager OR Project Manager OR 1C OR Сетевой инженер OR Системный администратор OR Game Developer OR Android OR iOS', 'area': '1007', 'only_with_salary': False}
Кол-во полученных вакансий: 15
Блоки статистики: ['Общая характеристика', 'Анализ зарплат']

=== Новый анализ ===
Время: 2025-04-24 03:26:01.612901
Фильтры из формы: {'text': 'Python OR Java OR JavaScript OR C++ OR C# OR PHP OR Go OR Kotlin OR Frontend OR Backend OR Fullstack OR DevOps OR QA OR Тестировщик OR Data Scientist OR Data Analyst OR ML OR AI OR Business Analyst OR Системный аналитик OR UX/UI OR Product Manager OR Project Manager OR 1C OR Сетевой инженер OR Системный администратор OR Game Developer OR Android OR iOS', 'area': ['1007'], 'salary_from': None, 'salary_to': None, 'only_with_salary': False, 'experience': [], 'employment': [], 'schedule': [], 'date_from': None, 'date_to': None}
Сгенерированные параметры: {'text': 'Python OR Java OR JavaScript OR C++ OR C# OR PHP OR Go OR Kotlin OR Frontend OR Backend OR Fullstack OR DevOps OR QA OR Тестировщик OR Data Scientist OR Data Analyst OR ML OR AI OR Business Analyst OR Системный аналитик OR UX/UI OR Product Manager OR Project Manager OR 1C OR Сетевой инженер OR Системный администратор OR Game Developer OR Android OR iOS', 'area': '1007', 'only_with_salary': False}
Кол-во полученных вакансий: 15
Блоки статистики: ['Общая характеристика', 'Анализ зарплат']

=== Новый анализ ===
Время: 2025-04-24 03:31:22.565930
Фильтры из формы: {'text': 'Python OR Java OR JavaScript OR C++ OR C# OR PHP OR Go OR Kotlin OR Frontend OR Backend OR Fullstack OR DevOps OR QA OR Тестировщик OR Data Scientist OR Data Analyst OR ML OR AI OR Business Analyst OR Системный аналитик OR UX/UI OR Product Manager OR Project Manager OR 1C OR Сетевой инженер OR Системный администратор OR Game Developer OR Android OR iOS', 'area': ['1007'], 'salary_from': None, 'salary_to': None, 'only_with_salary': False, 'experience': [], 'employment': [], 'schedule': [], 'date_from': None, 'date_to': None}
Сгенерированные параметры: {'text': 'Python OR Java OR JavaScript OR C++ OR C# OR PHP OR Go OR Kotlin OR Frontend OR Backend OR Fullstack OR DevOps OR QA OR Тестировщик OR Data Scientist OR Data Analyst OR ML OR AI OR Business Analyst OR Системный аналитик OR UX/UI OR Product Manager OR Project Manager OR 1C OR Сетевой инженер OR Системный администратор OR Game Developer OR Android OR iOS', 'area': '1007', 'only_with_salary': False}
Кол-во полученных вакансий: 15
Блоки статистики: ['Общая характеристика', 'Анализ зарплат']

=== Новый анализ ===
Время: 2025-04-24 03:31:47.857566
Фильтры из формы: {'text': 'Python OR Java OR JavaScript OR C++ OR C# OR PHP OR Go OR Kotlin OR Frontend OR Backend OR Fullstack OR DevOps OR QA OR Тестировщик OR Data Scientist OR Data Analyst OR ML OR AI OR Business Analyst OR Системный аналитик OR UX/UI OR Product Manager OR Project Manager OR 1C OR Сетевой инженер OR Системный администратор OR Game Developer OR Android OR iOS', 'area': ['1007'], 'salary_from': None, 'salary_to': None, 'only_with_salary': False, 'experience': [], 'employment': [], 'schedule': [], 'date_from': None, 'date_to': None}
Сгенерированные параметры: {'text': 'Python OR Java OR JavaScript OR C++ OR C# OR PHP OR Go OR Kotlin OR Frontend OR Backend OR Fullstack OR DevOps OR QA OR Тестировщик OR Data Scientist OR Data Analyst OR ML OR AI OR Business Analyst OR Системный аналитик OR UX/UI OR Product Manager OR Project Manager OR 1C OR Сетевой инженер OR Системный администратор OR Game Developer OR Android OR iOS', 'area': '1007', 'only_with_salary': False}
Кол-во полученных вакансий: 15
Блоки статистики: ['Общая характеристика', 'Анализ зарплат']

=== Новый анализ ===
Время: 2025-04-24 03:31:52.344358
Фильтры из формы: {'text': 'Python OR Java OR JavaScript OR C++ OR C# OR PHP OR Go OR Kotlin OR Frontend OR Backend OR Fullstack OR DevOps OR QA OR Тестировщик OR Data Scientist OR Data Analyst OR ML OR AI OR Business Analyst OR Системный аналитик OR UX/UI OR Product Manager OR Project Manager OR 1C OR Сетевой инженер OR Системный администратор OR Game Developer OR Android OR iOS', 'area': ['1007'], 'salary_from': None, 'salary_to': None, 'only_with_salary': False, 'experience': [], 'employment': [], 'schedule': [], 'date_from': None, 'date_to': None}
Сгенерированные параметры: {'text': 'Python OR Java OR JavaScript OR C++ OR C# OR PHP OR Go OR Kotlin OR Frontend OR Backend OR Fullstack OR DevOps OR QA OR Тестировщик OR Data Scientist OR Data Analyst OR ML OR AI OR Business Analyst OR Системный аналитик OR UX/UI OR Product Manager OR Project Manager OR 1C OR Сетевой инженер OR Системный администратор OR Game Developer OR Android OR iOS', 'area': '1007', 'only_with_salary': False}
Кол-во полученных вакансий: 15
Блоки статистики: ['Общая характеристика', 'Анализ зарплат']

=== Новый анализ ===
Время: 2025-04-24 03:36:09.827455
Фильтры из формы: {'text': 'Python OR Java OR JavaScript OR C++ OR C# OR PHP OR Go OR Kotlin OR Frontend OR Backend OR Fullstack OR DevOps OR QA OR Тестировщик OR Data Scientist OR Data Analyst OR ML OR AI OR Business Analyst OR Системный аналитик OR UX/UI OR Product Manager OR Project Manager OR 1C OR Сетевой инженер OR Системный администратор OR Game Developer OR Android OR iOS', 'area': ['1007'], 'salary_from': None, 'salary_to': None, 'only_with_salary': False, 'experience': [], 'employment': [], 'schedule': [], 'date_from': None, 'date_to': None}
Сгенерированные параметры: {'text': 'Python OR Java OR JavaScript OR C++ OR C# OR PHP OR Go OR Kotlin OR Frontend OR Backend OR Fullstack OR DevOps OR QA OR Тестировщик OR Data Scientist OR Data Analyst OR ML OR AI OR Business Analyst OR Системный аналитик OR UX/UI OR Product Manager OR Project Manager OR 1C OR Сетевой инженер OR Системный администратор OR Game Developer OR Android OR iOS', 'area': '1007', 'only_with_salary': False}
Кол-во полученных вакансий: 15
Блоки статистики: ['Общая характеристика', 'Анализ зарплат']

=== Новый анализ ===
Время: 2025-04-24 03:36:18.653531
Фильтры из формы: {'text': 'Python OR Java OR JavaScript OR C++ OR C# OR PHP OR Go OR Kotlin OR Frontend OR Backend OR Fullstack OR DevOps OR QA OR Тестировщик OR Data Scientist OR Data Analyst OR ML OR AI OR Business Analyst OR Системный аналитик OR UX/UI OR Product Manager OR Project Manager OR 1C OR Сетевой инженер OR Системный администратор OR Game Developer OR Android OR iOS', 'area': ['1007'], 'salary_from': None, 'salary_to': None, 'only_with_salary': False, 'experience': [], 'employment': [], 'schedule': [], 'date_from': None, 'date_to': None}
Сгенерированные параметры: {'text': 'Python OR Java OR JavaScript OR C++ OR C# OR PHP OR Go OR Kotlin OR Frontend OR Backend OR Fullstack OR DevOps OR QA OR Тестировщик OR Data Scientist OR Data Analyst OR ML OR AI OR Business Analyst OR Системный аналитик OR UX/UI OR Product Manager OR Project Manager OR 1C OR Сетевой инженер OR Системный администратор OR Game Developer OR Android OR iOS', 'area': '1007', 'only_with_salary': False}
Кол-во полученных вакансий: 15
Блоки статистики: ['Общая характеристика', 'Анализ зарплат']

=== Новый анализ ===
Время: 2025-04-24 03:39:00.504170
Фильтры из формы: {'text': 'Python OR Java OR JavaScript OR C++ OR C# OR PHP OR Go OR Kotlin OR Frontend OR Backend OR Fullstack OR DevOps OR QA OR Тестировщик OR Data Scientist OR Data Analyst OR ML OR AI OR Business Analyst OR Системный аналитик OR UX/UI OR Product Manager OR Project Manager OR 1C OR Сетевой инженер OR Системный администратор OR Game Developer OR Android OR iOS', 'area': ['1007'], 'salary_from': None, 'salary_to': None, 'only_with_salary': False, 'experience': [], 'employment': [], 'schedule': [], 'date_from': None, 'date_to': None}
Сгенерированные параметры: {'text': 'Python OR Java OR JavaScript OR C++ OR C# OR PHP OR Go OR Kotlin OR Frontend OR Backend OR Fullstack OR DevOps OR QA OR Тестировщик OR Data Scientist OR Data Analyst OR ML OR AI OR Business Analyst OR Системный аналитик OR UX/UI OR Product Manager OR Project Manager OR 1C OR Сетевой инженер OR Системный администратор OR Game Developer OR Android OR iOS', 'area': '1007', 'only_with_salary': False}
Кол-во полученных вакансий: 15
Блоки статистики: ['Общая характеристика', 'Анализ зарплат']

=== Новый анализ ===
Время: 2025-04-24 03:48:13.282012
Фильтры из формы: {'text': 'Python OR Java OR JavaScript OR C++ OR C# OR PHP OR Go OR Kotlin OR Frontend OR Backend OR Fullstack OR DevOps OR QA OR Тестировщик OR Data Scientist OR Data Analyst OR ML OR AI OR Business Analyst OR Системный аналитик OR UX/UI OR Product Manager OR Project Manager OR 1C OR Сетевой инженер OR Системный администратор OR Game Developer OR Android OR iOS', 'area': ['1007'], 'salary_from': None, 'salary_to': None, 'only_with_salary': False, 'experience': [], 'employment': [], 'schedule': [], 'date_from': '2025-04-10', 'date_to': '2025-04-24'}
Сгенерированные параметры: {'text': 'Python OR Java OR JavaScript OR C++ OR C# OR PHP OR Go OR Kotlin OR Frontend OR Backend OR Fullstack OR DevOps OR QA OR Тестировщик OR Data Scientist OR Data Analyst OR ML OR AI OR Business Analyst OR Системный аналитик OR UX/UI OR Product Manager OR Project Manager OR 1C OR Сетевой инженер OR Системный администратор OR Game Developer OR Android OR iOS', 'area': '1007', 'only_with_salary': False, 'date_from': '2025-04-10', 'date_to': '2025-04-24'}
Кол-во полученных вакансий: 7
Блоки статистики: ['Общая характеристика', 'Анализ зарплат']

=== Новый анализ ===
Время: 2025-04-24 03:57:54.291325
Фильтры из формы: {'text': 'Python OR Java OR JavaScript OR C++ OR C# OR PHP OR Go OR Kotlin OR Frontend OR Backend OR Fullstack OR DevOps OR QA OR Тестировщик OR Data Scientist OR Data Analyst OR ML OR AI OR Business Analyst OR Системный аналитик OR UX/UI OR Product Manager OR Project Manager OR 1C OR Сетевой инженер OR Системный администратор OR Game Developer OR Android OR iOS', 'area': ['1007'], 'salary_from': None, 'salary_to': None, 'only_with_salary': False, 'experience': [], 'employment': [], 'schedule': [], 'date_from': '2025-04-10', 'date_to': '2025-04-24'}
Сгенерированные параметры: {'text': 'Python OR Java OR JavaScript OR C++ OR C# OR PHP OR Go OR Kotlin OR Frontend OR Backend OR Fullstack OR DevOps OR QA OR Тестировщик OR Data Scientist OR Data Analyst OR ML OR AI OR Business Analyst OR Системный аналитик OR UX/UI OR Product Manager OR Project Manager OR 1C OR Сетевой инженер OR Системный администратор OR Game Developer OR Android OR iOS', 'area': '1007', 'only_with_salary': False, 'date_from': '2025-04-10', 'date_to': '2025-04-24'}
Кол-во полученных вакансий: 7
Блоки статистики: ['Общая характеристика', 'Анализ зарплат']

=== Новый анализ ===
Время: 2025-04-24 03:59:59.684773
Фильтры из формы: {'text': 'Python OR Java OR JavaScript OR C++ OR C# OR PHP OR Go OR Kotlin OR Frontend OR Backend OR Fullstack OR DevOps OR QA OR Тестировщик OR Data Scientist OR Data Analyst OR ML OR AI OR Business Analyst OR Системный аналитик OR UX/UI OR Product Manager OR Project Manager OR 1C OR Сетевой инженер OR Системный администратор OR Game Developer OR Android OR iOS', 'area': ['1007'], 'salary_from': None, 'salary_to': None, 'only_with_salary': False, 'experience': [], 'employment': [], 'schedule': [], 'date_from': '2025-04-10', 'date_to': '2025-04-24'}
Сгенерированные параметры: {'text': 'Python OR Java OR JavaScript OR C++ OR C# OR PHP OR Go OR Kotlin OR Frontend OR Backend OR Fullstack OR DevOps OR QA OR Тестировщик OR Data Scientist OR Data Analyst OR ML OR AI OR Business Analyst OR Системный аналитик OR UX/UI OR Product Manager OR Project Manager OR 1C OR Сетевой инженер OR Системный администратор OR Game Developer OR Android OR iOS', 'area': '1007', 'only_with_salary': False, 'date_from': '2025-04-10', 'date_to': '2025-04-24'}
Кол-во полученных вакансий: 7
Блоки статистики: ['Общая характеристика', 'Анализ зарплат']

=== Новый анализ ===
Время: 2025-04-24 04:05:44.647783
Фильтры из формы: {'text': 'Python OR Java OR JavaScript OR C++ OR C# OR PHP OR Go OR Kotlin OR Frontend OR Backend OR Fullstack OR DevOps OR QA OR Тестировщик OR Data Scientist OR Data Analyst OR ML OR AI OR Business Analyst OR Системный аналитик OR UX/UI OR Product Manager OR Project Manager OR 1C OR Сетевой инженер OR Системный администратор OR Game Developer OR Android OR iOS', 'area': ['1007'], 'salary_from': None, 'salary_to': None, 'only_with_salary': False, 'experience': [], 'employment': [], 'schedule': [], 'date_from': '2025-04-10', 'date_to': '2025-04-24'}
Сгенерированные параметры: {'text': 'Python OR Java OR JavaScript OR C++ OR C# OR PHP OR Go OR Kotlin OR Frontend OR Backend OR Fullstack OR DevOps OR QA OR Тестировщик OR Data Scientist OR Data Analyst OR ML OR AI OR Business Analyst OR Системный аналитик OR UX/UI OR Product Manager OR Project Manager OR 1C OR Сетевой инженер OR Системный администратор OR Game Developer OR Android OR iOS', 'area': '1007', 'only_with_salary': False, 'date_from': '2025-04-10', 'date_to': '2025-04-24'}
Кол-во полученных вакансий: 7
Блоки статистики: ['Общая характеристика', 'Анализ зарплат']

=== Новый анализ ===
Время: 2025-04-24 04:09:56.300104
Фильтры из формы: {'text': 'Python OR Java OR JavaScript OR C++ OR C# OR PHP OR Go OR Kotlin OR Frontend OR Backend OR Fullstack OR DevOps OR QA OR Тестировщик OR Data Scientist OR Data Analyst OR ML OR AI OR Business Analyst OR Системный аналитик OR UX/UI OR Product Manager OR Project Manager OR 1C OR Сетевой инженер OR Системный администратор OR Game Developer OR Android OR iOS', 'area': ['1007'], 'salary_from': None, 'salary_to': None, 'only_with_salary': False, 'experience': [], 'employment': [], 'schedule': [], 'date_from': '2025-04-10', 'date_to': '2025-04-24'}
Сгенерированные параметры: {'text': 'Python OR Java OR JavaScript OR C++ OR C# OR PHP OR Go OR Kotlin OR Frontend OR Backend OR Fullstack OR DevOps OR QA OR Тестировщик OR Data Scientist OR Data Analyst OR ML OR AI OR Business Analyst OR Системный аналитик OR UX/UI OR Product Manager OR Project Manager OR 1C OR Сетевой инженер OR Системный администратор OR Game Developer OR Android OR iOS', 'area': '1007', 'only_with_salary': False, 'date_from': '2025-04-10', 'date_to': '2025-04-24'}
Кол-во полученных вакансий: 7
Блоки статистики: ['Общая характеристика', 'Анализ зарплат']

=== Новый анализ ===
Время: 2025-04-24 04:10:33.980300
Фильтры из формы: {'text': 'Python OR Java OR JavaScript OR C++ OR C# OR PHP OR Go OR Kotlin OR Frontend OR Backend OR Fullstack OR DevOps OR QA OR Тестировщик OR Data Scientist OR Data Analyst OR ML OR AI OR Business Analyst OR Системный аналитик OR UX/UI OR Product Manager OR Project Manager OR 1C OR Сетевой инженер OR Системный администратор OR Game Developer OR Android OR iOS', 'area': ['1007'], 'salary_from': None, 'salary_to': None, 'only_with_salary': False, 'experience': [], 'employment': [], 'schedule': [], 'date_from': '2025-04-10', 'date_to': '2025-04-24'}
Сгенерированные параметры: {'text': 'Python OR Java OR JavaScript OR C++ OR C# OR PHP OR Go OR Kotlin OR Frontend OR Backend OR Fullstack OR DevOps OR QA OR Тестировщик OR Data Scientist OR Data Analyst OR ML OR AI OR Business Analyst OR Системный аналитик OR UX/UI OR Product Manager OR Project Manager OR 1C OR Сетевой инженер OR Системный администратор OR Game Developer OR Android OR iOS', 'area': '1007', 'only_with_salary': False, 'date_from': '2025-04-10', 'date_to': '2025-04-24'}
Кол-во полученных вакансий: 7
Блоки статистики: ['Общая характеристика', 'Анализ зарплат']

=== Новый анализ ===
Время: 2025-04-24 04:11:40.473420
Фильтры из формы: {'text': 'Python OR Java OR JavaScript OR C++ OR C# OR PHP OR Go OR Kotlin OR Frontend OR Backend OR Fullstack OR DevOps OR QA OR Тестировщик OR Data Scientist OR Data Analyst OR ML OR AI OR Business Analyst OR Системный аналитик OR UX/UI OR Product Manager OR Project Manager OR 1C OR Сетевой инженер OR Системный администратор OR Game Developer OR Android OR iOS', 'area': ['1002'], 'salary_from': None, 'salary_to': None, 'only_with_salary': False, 'experience': [], 'employment': [], 'schedule': [], 'date_from': '2025-04-10', 'date_to': '2025-04-24'}
Сгенерированные параметры: {'text': 'Python OR Java OR JavaScript OR C++ OR C# OR PHP OR Go OR Kotlin OR Frontend OR Backend OR Fullstack OR DevOps OR QA OR Тестировщик OR Data Scientist OR Data Analyst OR ML OR AI OR Business Analyst OR Системный аналитик OR UX/UI OR Product Manager OR Project Manager OR 1C OR Сетевой инженер OR Системный администратор OR Game Developer OR Android OR iOS', 'area': '1002', 'only_with_salary': False, 'date_from': '2025-04-10', 'date_to': '2025-04-24'}
Кол-во полученных вакансий: 399
Блоки статистики: ['Общая характеристика', 'Анализ зарплат']

=== Новый анализ ===
Время: 2025-04-24 04:13:13.550066
Фильтры из формы: {'text': 'Python OR Java OR JavaScript OR C++ OR C# OR PHP OR Go OR Kotlin OR Frontend OR Backend OR Fullstack OR DevOps OR QA OR Тестировщик OR Data Scientist OR Data Analyst OR ML OR AI OR Business Analyst OR Системный аналитик OR UX/UI OR Product Manager OR Project Manager OR 1C OR Сетевой инженер OR Системный администратор OR Game Developer OR Android OR iOS', 'area': ['1002'], 'salary_from': None, 'salary_to': None, 'only_with_salary': False, 'experience': [], 'employment': [], 'schedule': [], 'date_from': '2025-04-10', 'date_to': '2025-04-24'}
Сгенерированные параметры: {'text': 'Python OR Java OR JavaScript OR C++ OR C# OR PHP OR Go OR Kotlin OR Frontend OR Backend OR Fullstack OR DevOps OR QA OR Тестировщик OR Data Scientist OR Data Analyst OR ML OR AI OR Business Analyst OR Системный аналитик OR UX/UI OR Product Manager OR Project Manager OR 1C OR Сетевой инженер OR Системный администратор OR Game Developer OR Android OR iOS', 'area': '1002', 'only_with_salary': False, 'date_from': '2025-04-10', 'date_to': '2025-04-24'}
Кол-во полученных вакансий: 373
Блоки статистики: ['Общая характеристика', 'Анализ зарплат']

=== Новый анализ ===
Время: 2025-04-24 04:15:07.712527
Фильтры из формы: {'text': 'Python OR Java OR JavaScript OR C++ OR C# OR PHP OR Go OR Kotlin OR Frontend OR Backend OR Fullstack OR DevOps OR QA OR Тестировщик OR Data Scientist OR Data Analyst OR ML OR AI OR Business Analyst OR Системный аналитик OR UX/UI OR Product Manager OR Project Manager OR 1C OR Сетевой инженер OR Системный администратор OR Game Developer OR Android OR iOS', 'area': ['1002'], 'salary_from': None, 'salary_to': None, 'only_with_salary': False, 'experience': [], 'employment': [], 'schedule': [], 'date_from': '2025-04-10', 'date_to': '2025-04-24'}
Сгенерированные параметры: {'text': 'Python OR Java OR JavaScript OR C++ OR C# OR PHP OR Go OR Kotlin OR Frontend OR Backend OR Fullstack OR DevOps OR QA OR Тестировщик OR Data Scientist OR Data Analyst OR ML OR AI OR Business Analyst OR Системный аналитик OR UX/UI OR Product Manager OR Project Manager OR 1C OR Сетевой инженер OR Системный администратор OR Game Developer OR Android OR iOS', 'area': '1002', 'only_with_salary': False, 'date_from': '2025-04-10', 'date_to': '2025-04-24'}
Кол-во полученных вакансий: 401
Блоки статистики: ['Общая характеристика', 'Анализ зарплат']

=== Новый анализ ===
Время: 2025-04-24 04:16:42.463204
Фильтры из формы: {'text': 'Python OR Java OR JavaScript OR C++ OR C# OR PHP OR Go OR Kotlin OR Frontend OR Backend OR Fullstack OR DevOps OR QA OR Тестировщик OR Data Scientist OR Data Analyst OR ML OR AI OR Business Analyst OR Системный аналитик OR UX/UI OR Product Manager OR Project Manager OR 1C OR Сетевой инженер OR Системный администратор OR Game Developer OR Android OR iOS', 'area': [], 'salary_from': None, 'salary_to': None, 'only_with_salary': False, 'experience': [], 'employment': [], 'schedule': [], 'date_from': '2025-04-10', 'date_to': '2025-04-24'}
Сгенерированные параметры: {'text': 'Python OR Java OR JavaScript OR C++ OR C# OR PHP OR Go OR Kotlin OR Frontend OR Backend OR Fullstack OR DevOps OR QA OR Тестировщик OR Data Scientist OR Data Analyst OR ML OR AI OR Business Analyst OR Системный аналитик OR UX/UI OR Product Manager OR Project Manager OR 1C OR Сетевой инженер OR Системный администратор OR Game Developer OR Android OR iOS', 'only_with_salary': False, 'date_from': '2025-04-10', 'date_to': '2025-04-24'}
Кол-во полученных вакансий: 593
Блоки статистики: ['Общая характеристика', 'Анализ зарплат']

=== Новый анализ ===
Время: 2025-04-24 04:17:50.637452
Фильтры из формы: {'text': 'Python OR Java OR JavaScript OR C++ OR C# OR PHP OR Go OR Kotlin OR Frontend OR Backend OR Fullstack OR DevOps OR QA OR Тестировщик OR Data Scientist OR Data Analyst OR ML OR AI OR Business Analyst OR Системный аналитик OR UX/UI OR Product Manager OR Project Manager OR 1C OR Сетевой инженер OR Системный администратор OR Game Developer OR Android OR iOS', 'area': ['1002', '1007', '1005', '1003', '1006', '1004', '2233', '2234', '2235', '2236', '2237', '2238', '11130', '2239', '2630', '2240', '11137', '2590', '11135', '2241', '2741', '2242', '11138', '2243', '2743', '2245', '2246', '2247', '2745', '11136', '2248', '2249', '11134', '2250', '2650', '11131', '11133', '2251', '2252', '11132', '11129', '2253', '6007', '11139', '11150', '11149', '11140', '2632', '11145', '2254', '11142', '2255', '2256', '11152', '11143', '2257', '2258', '2742', '2259', '2260', '11151', '11146', '2261', '2262', '2263', '11147', '2484', '2366', '11148', '2264', '11144', '2265', '2266', '2267', '2268', '2269', '2270', '11141', '2271', '2272', '2273', '11153', '2274', '2275', '11126', '2276', '11127', '2277', '2278', '2279', '2280', '2281', '11124', '11125', '6320', '2282', '2283', '2284', '11121', '2285', '2286', '2747', '11123', '2288', '2289', '2290', '2291', '11119', '2523', '11122', '2292', '11120', '2293', '11128', '11499', '11762', '11161', '2588', '2294', '2740', '11159', '2295', '2296', '2297', '2298', '2299', '11154', '2300', '11160', '11158', '2301', '2631', '2302', '2303', '11155', '2304', '2305', '11178', '11156', '2306', '2589', '2307', '2308', '11157', '2309', '11763', '11760', '11759', '11769', '11758', '11108', '2310', '11093', '2311', '6936', '11719', '2312', '11495', '2313', '11195', '11098', '2314', '11116', '11113', '11772', '11099', '11193', '2315', '11496', '2316', '11089', '2317', '11102', '11182', '2318', '11107', '11244', '11090', '2319', '6006', '11494', '2320', '11104', '2746', '2322', '6375', '6772', '2323', '2324', '11086', '2325', '11106', '11096', '11191', '11109', '11105', '11236', '11761', '11097', '11095', '11260', '11110', '11242', '11111', '6321', '11091', '11805', '11094', '11112', '11227', '11103', '11181', '11115', '2326', '11088', '2327', '2328', '2749', '2330', '11228', '11100', '2331', '11767', '11114', '2394', '11079', '11092', '2332', '11087', '11773', '11101', '2333', '2334', '2335', '2336', '2337', '2338', '6005', '2744', '2340', '2341', '2342', '2343', '2344', '2345', '11117', '11118', '2346', '2347', '2748', '2349', '2350', '2351', '2352'], 'salary_from': None, 'salary_to': None, 'only_with_salary': False, 'experience': [], 'employment': [], 'schedule': [], 'date_from': '2025-04-10', 'date_to': '2025-04-24'}
Сгенерированные параметры: {'text': 'Python OR Java OR JavaScript OR C++ OR C# OR PHP OR Go OR Kotlin OR Frontend OR Backend OR Fullstack OR DevOps OR QA OR Тестировщик OR Data Scientist OR Data Analyst OR ML OR AI OR Business Analyst OR Системный аналитик OR UX/UI OR Product Manager OR Project Manager OR 1C OR Сетевой инженер OR Системный администратор OR Game Developer OR Android OR iOS', 'area': '16', 'only_with_salary': False, 'date_from': '2025-04-10', 'date_to': '2025-04-24'}
Кол-во полученных вакансий: 333
Блоки статистики: ['Общая характеристика', 'Анализ зарплат']

=== Новый анализ ===
Время: 2025-04-24 04:26:00.217536
Фильтры из формы: {'text': 'Python OR Java OR JavaScript OR C++ OR C# OR PHP OR Go OR Kotlin OR Frontend OR Backend OR Fullstack OR DevOps OR QA OR Тестировщик OR Data Scientist OR Data Analyst OR ML OR AI OR Business Analyst OR Системный аналитик OR UX/UI OR Product Manager OR Project Manager OR 1C OR Сетевой инженер OR Системный администратор OR Game Developer OR Android OR iOS', 'area': ['1002', '1007', '1005', '1003', '1006', '1004', '2233', '2234', '2235', '2236', '2237', '2238', '11130', '2239', '2630', '2240', '11137', '2590', '11135', '2241', '2741', '2242', '11138', '2243', '2743', '2245', '2246', '2247', '2745', '11136', '2248', '2249', '11134', '2250', '2650', '11131', '11133', '2251', '2252', '11132', '11129', '2253', '6007', '11139', '11150', '11149', '11140', '2632', '11145', '2254', '11142', '2255', '2256', '11152', '11143', '2257', '2258', '2742', '2259', '2260', '11151', '11146', '2261', '2262', '2263', '11147', '2484', '2366', '11148', '2264', '11144', '2265', '2266', '2267', '2268', '2269', '2270', '11141', '2271', '2272', '2273', '11153', '2274', '2275', '11126', '2276', '11127', '2277', '2278', '2279', '2280', '2281', '11124', '11125', '6320', '2282', '2283', '2284', '11121', '2285', '2286', '2747', '11123', '2288', '2289', '2290', '2291', '11119', '2523', '11122', '2292', '11120', '2293', '11128', '11499', '11762', '11161', '2588', '2294', '2740', '11159', '2295', '2296', '2297', '2298', '2299', '11154', '2300', '11160', '11158', '2301', '2631', '2302', '2303', '11155', '2304', '2305', '11178', '11156', '2306', '2589', '2307', '2308', '11157', '2309', '11763', '11760', '11759', '11769', '11758', '11108', '2310', '11093', '2311', '6936', '11719', '2312', '11495', '2313', '11195', '11098', '2314', '11116', '11113', '11772', '11099', '11193', '2315', '11496', '2316', '11089', '2317', '11102', '11182', '2318', '11107', '11244', '11090', '2319', '6006', '11494', '2320', '11104', '2746', '2322', '6375', '6772', '2323', '2324', '11086', '2325', '11106', '11096', '11191', '11109', '11105', '11236', '11761', '11097', '11095', '11260', '11110', '11242', '11111', '6321', '11091', '11805', '11094', '11112', '11227', '11103', '11181', '11115', '2326', '11088', '2327', '2328', '2749', '2330', '11228', '11100', '2331', '11767', '11114', '2394', '11079', '11092', '2332', '11087', '11773', '11101', '2333', '2334', '2335', '2336', '2337', '2338', '6005', '2744', '2340', '2341', '2342', '2343', '2344', '2345', '11117', '11118', '2346', '2347', '2748', '2349', '2350', '2351', '2352'], 'salary_from': None, 'salary_to': None, 'only_with_salary': False, 'experience': [], 'employment': [], 'schedule': [], 'date_from': '2025-04-10', 'date_to': '2025-04-24'}
Сгенерированные параметры: {'text': 'Python OR Java OR JavaScript OR C++ OR C# OR PHP OR Go OR Kotlin OR Frontend OR Backend OR Fullstack OR DevOps OR QA OR Тестировщик OR Data Scientist OR Data Analyst OR ML OR AI OR Business Analyst OR Системный аналитик OR UX/UI OR Product Manager OR Project Manager OR 1C OR Сетевой инженер OR Системный администратор OR Game Developer OR Android OR iOS', 'area': '16', 'only_with_salary': False, 'date_from': '2025-04-10', 'date_to': '2025-04-24'}
Кол-во полученных вакансий: 340
Блоки статистики: ['Общая характеристика', 'Анализ зарплат']

=== Новый анализ ===
Время: 2025-04-24 04:34:30.846084
Фильтры из формы: {'text': 'Python OR Java OR JavaScript OR C++ OR C# OR PHP OR Go OR Kotlin OR Frontend OR Backend OR Fullstack OR DevOps OR QA OR Тестировщик OR Data Scientist OR Data Analyst OR ML OR AI OR Business Analyst OR Системный аналитик OR UX/UI OR Product Manager OR Project Manager OR 1C OR Сетевой инженер OR Системный администратор OR Game Developer OR Android OR iOS', 'area': ['1002', '1007', '1005', '1003', '1006', '1004', '2233', '2234', '2235', '2236', '2237', '2238', '11130', '2239', '2630', '2240', '11137', '2590', '11135', '2241', '2741', '2242', '11138', '2243', '2743', '2245', '2246', '2247', '2745', '11136', '2248', '2249', '11134', '2250', '2650', '11131', '11133', '2251', '2252', '11132', '11129', '2253', '6007', '11139', '11150', '11149', '11140', '2632', '11145', '2254', '11142', '2255', '2256', '11152', '11143', '2257', '2258', '2742', '2259', '2260', '11151', '11146', '2261', '2262', '2263', '11147', '2484', '2366', '11148', '2264', '11144', '2265', '2266', '2267', '2268', '2269', '2270', '11141', '2271', '2272', '2273', '11153', '2274', '2275', '11126', '2276', '11127', '2277', '2278', '2279', '2280', '2281', '11124', '11125', '6320', '2282', '2283', '2284', '11121', '2285', '2286', '2747', '11123', '2288', '2289', '2290', '2291', '11119', '2523', '11122', '2292', '11120', '2293', '11128', '11499', '11762', '11161', '2588', '2294', '2740', '11159', '2295', '2296', '2297', '2298', '2299', '11154', '2300', '11160', '11158', '2301', '2631', '2302', '2303', '11155', '2304', '2305', '11178', '11156', '2306', '2589', '2307', '2308', '11157', '2309', '11763', '11760', '11759', '11769', '11758', '11108', '2310', '11093', '2311', '6936', '11719', '2312', '11495', '2313', '11195', '11098', '2314', '11116', '11113', '11772', '11099', '11193', '2315', '11496', '2316', '11089', '2317', '11102', '11182', '2318', '11107', '11244', '11090', '2319', '6006', '11494', '2320', '11104', '2746', '2322', '6375', '6772', '2323', '2324', '11086', '2325', '11106', '11096', '11191', '11109', '11105', '11236', '11761', '11097', '11095', '11260', '11110', '11242', '11111', '6321', '11091', '11805', '11094', '11112', '11227', '11103', '11181', '11115', '2326', '11088', '2327', '2328', '2749', '2330', '11228', '11100', '2331', '11767', '11114', '2394', '11079', '11092', '2332', '11087', '11773', '11101', '2333', '2334', '2335', '2336', '2337', '2338', '6005', '2744', '2340', '2341', '2342', '2343', '2344', '2345', '11117', '11118', '2346', '2347', '2748', '2349', '2350', '2351', '2352'], 'salary_from': None, 'salary_to': None, 'only_with_salary': False, 'experience': [], 'employment': [], 'schedule': [], 'date_from': '2025-04-10', 'date_to': '2025-04-24'}
Сгенерированные параметры: {'text': 'Python OR Java OR JavaScript OR C++ OR C# OR PHP OR Go OR Kotlin OR Frontend OR Backend OR Fullstack OR DevOps OR QA OR Тестировщик OR Data Scientist OR Data Analyst OR ML OR AI OR Business Analyst OR Системный аналитик OR UX/UI OR Product Manager OR Project Manager OR 1C OR Сетевой инженер OR Системный администратор OR Game Developer OR Android OR iOS', 'area': '16', 'only_with_salary': False, 'date_from': '2025-04-10', 'date_to': '2025-04-24'}
Кол-во полученных вакансий: 310
Блоки статистики: ['Общая характеристика', 'Анализ зарплат']

=== Новый анализ ===
Время: 2025-04-24 04:37:43.522631
Фильтры из формы: {'text': 'Python OR Java OR JavaScript OR C++ OR C# OR PHP OR Go OR Kotlin OR Frontend OR Backend OR Fullstack OR DevOps OR QA OR Тестировщик OR Data Scientist OR Data Analyst OR ML OR AI OR Business Analyst OR Системный аналитик OR UX/UI OR Product Manager OR Project Manager OR 1C OR Сетевой инженер OR Системный администратор OR Game Developer OR Android OR iOS', 'area': ['1002', '1007', '1005', '1003', '1006', '1004', '2233', '2234', '2235', '2236', '2237', '2238', '11130', '2239', '2630', '2240', '11137', '2590', '11135', '2241', '2741', '2242', '11138', '2243', '2743', '2245', '2246', '2247', '2745', '11136', '2248', '2249', '11134', '2250', '2650', '11131', '11133', '2251', '2252', '11132', '11129', '2253', '6007', '11139', '11150', '11149', '11140', '2632', '11145', '2254', '11142', '2255', '2256', '11152', '11143', '2257', '2258', '2742', '2259', '2260', '11151', '11146', '2261', '2262', '2263', '11147', '2484', '2366', '11148', '2264', '11144', '2265', '2266', '2267', '2268', '2269', '2270', '11141', '2271', '2272', '2273', '11153', '2274', '2275', '11126', '2276', '11127', '2277', '2278', '2279', '2280', '2281', '11124', '11125', '6320', '2282', '2283', '2284', '11121', '2285', '2286', '2747', '11123', '2288', '2289', '2290', '2291', '11119', '2523', '11122', '2292', '11120', '2293', '11128', '11499', '11762', '11161', '2588', '2294', '2740', '11159', '2295', '2296', '2297', '2298', '2299', '11154', '2300', '11160', '11158', '2301', '2631', '2302', '2303', '11155', '2304', '2305', '11178', '11156', '2306', '2589', '2307', '2308', '11157', '2309', '11763', '11760', '11759', '11769', '11758', '11108', '2310', '11093', '2311', '6936', '11719', '2312', '11495', '2313', '11195', '11098', '2314', '11116', '11113', '11772', '11099', '11193', '2315', '11496', '2316', '11089', '2317', '11102', '11182', '2318', '11107', '11244', '11090', '2319', '6006', '11494', '2320', '11104', '2746', '2322', '6375', '6772', '2323', '2324', '11086', '2325', '11106', '11096', '11191', '11109', '11105', '11236', '11761', '11097', '11095', '11260', '11110', '11242', '11111', '6321', '11091', '11805', '11094', '11112', '11227', '11103', '11181', '11115', '2326', '11088', '2327', '2328', '2749', '2330', '11228', '11100', '2331', '11767', '11114', '2394', '11079', '11092', '2332', '11087', '11773', '11101', '2333', '2334', '2335', '2336', '2337', '2338', '6005', '2744', '2340', '2341', '2342', '2343', '2344', '2345', '11117', '11118', '2346', '2347', '2748', '2349', '2350', '2351', '2352'], 'salary_from': None, 'salary_to': None, 'only_with_salary': False, 'experience': [], 'employment': [], 'schedule': [], 'date_from': '2025-04-10', 'date_to': '2025-04-24'}
Сгенерированные параметры: {'text': 'Python OR Java OR JavaScript OR C++ OR C# OR PHP OR Go OR Kotlin OR Frontend OR Backend OR Fullstack OR DevOps OR QA OR Тестировщик OR Data Scientist OR Data Analyst OR ML OR AI OR Business Analyst OR Системный аналитик OR UX/UI OR Product Manager OR Project Manager OR 1C OR Сетевой инженер OR Системный администратор OR Game Developer OR Android OR iOS', 'area': '16', 'only_with_salary': False, 'date_from': '2025-04-10', 'date_to': '2025-04-24'}
Кол-во полученных вакансий: 312
Блоки статистики: ['Общая характеристика', 'Анализ зарплат']

=== Новый анализ ===
Время: 2025-04-24 04:50:09.088647
Фильтры из формы: {'text': 'Python OR Java OR JavaScript OR C++ OR C# OR PHP OR Go OR Kotlin OR Frontend OR Backend OR Fullstack OR DevOps OR QA OR Тестировщик OR Data Scientist OR Data Analyst OR ML OR AI OR Business Analyst OR Системный аналитик OR UX/UI OR Product Manager OR Project Manager OR 1C OR Сетевой инженер OR Системный администратор OR Game Developer OR Android OR iOS', 'area': ['1002', '1007', '1005', '1003', '1006', '1004', '2233', '2234', '2235', '2236', '2237', '2238', '11130', '2239', '2630', '2240', '11137', '2590', '11135', '2241', '2741', '2242', '11138', '2243', '2743', '2245', '2246', '2247', '2745', '11136', '2248', '2249', '11134', '2250', '2650', '11131', '11133', '2251', '2252', '11132', '11129', '2253', '6007', '11139', '11150', '11149', '11140', '2632', '11145', '2254', '11142', '2255', '2256', '11152', '11143', '2257', '2258', '2742', '2259', '2260', '11151', '11146', '2261', '2262', '2263', '11147', '2484', '2366', '11148', '2264', '11144', '2265', '2266', '2267', '2268', '2269', '2270', '11141', '2271', '2272', '2273', '11153', '2274', '2275', '11126', '2276', '11127', '2277', '2278', '2279', '2280', '2281', '11124', '11125', '6320', '2282', '2283', '2284', '11121', '2285', '2286', '2747', '11123', '2288', '2289', '2290', '2291', '11119', '2523', '11122', '2292', '11120', '2293', '11128', '11499', '11762', '11161', '2588', '2294', '2740', '11159', '2295', '2296', '2297', '2298', '2299', '11154', '2300', '11160', '11158', '2301', '2631', '2302', '2303', '11155', '2304', '2305', '11178', '11156', '2306', '2589', '2307', '2308', '11157', '2309', '11763', '11760', '11759', '11769', '11758', '11108', '2310', '11093', '2311', '6936', '11719', '2312', '11495', '2313', '11195', '11098', '2314', '11116', '11113', '11772', '11099', '11193', '2315', '11496', '2316', '11089', '2317', '11102', '11182', '2318', '11107', '11244', '11090', '2319', '6006', '11494', '2320', '11104', '2746', '2322', '6375', '6772', '2323', '2324', '11086', '2325', '11106', '11096', '11191', '11109', '11105', '11236', '11761', '11097', '11095', '11260', '11110', '11242', '11111', '6321', '11091', '11805', '11094', '11112', '11227', '11103', '11181', '11115', '2326', '11088', '2327', '2328', '2749', '2330', '11228', '11100', '2331', '11767', '11114', '2394', '11079', '11092', '2332', '11087', '11773', '11101', '2333', '2334', '2335', '2336', '2337', '2338', '6005', '2744', '2340', '2341', '2342', '2343', '2344', '2345', '11117', '11118', '2346', '2347', '2748', '2349', '2350', '2351', '2352'], 'salary_from': None, 'salary_to': None, 'only_with_salary': False, 'experience': [], 'employment': [], 'schedule': [], 'date_from': '2025-04-10', 'date_to': '2025-04-24'}
Сгенерированные параметры: {'text': 'Python OR Java OR JavaScript OR C++ OR C# OR PHP OR Go OR Kotlin OR Frontend OR Backend OR Fullstack OR DevOps OR QA OR Тестировщик OR Data Scientist OR Data Analyst OR ML OR AI OR Business Analyst OR Системный аналитик OR UX/UI OR Product Manager OR Project Manager OR 1C OR Сетевой инженер OR Системный администратор OR Game Developer OR Android OR iOS', 'area': '16', 'only_with_salary': False, 'date_from': '2025-04-10', 'date_to': '2025-04-24'}
Кол-во полученных вакансий: 283
Блоки статистики: ['Общая характеристика', 'Анализ зарплат']

=== Новый анализ ===
Время: 2025-04-24 05:00:58.871443
Фильтры из формы: {'text': 'Python OR Java OR JavaScript OR C++ OR C# OR PHP OR Go OR Kotlin OR Frontend OR Backend OR Fullstack OR DevOps OR QA OR Тестировщик OR Data Scientist OR Data Analyst OR ML OR AI OR Business Analyst OR Системный аналитик OR UX/UI OR Product Manager OR Project Manager OR 1C OR Сетевой инженер OR Системный администратор OR Game Developer OR Android OR iOS', 'area': ['1002', '1007', '1005', '1003', '1006', '1004', '2233', '2234', '2235', '2236', '2237', '2238'], 'salary_from': None, 'salary_to': None, 'only_with_salary': False, 'experience': [], 'employment': [], 'schedule': [], 'date_from': '2025-04-10', 'date_to': '2025-04-24'}
Сгенерированные параметры: {'text': 'Python OR Java OR JavaScript OR C++ OR C# OR PHP OR Go OR Kotlin OR Frontend OR Backend OR Fullstack OR DevOps OR QA OR Тестировщик OR Data Scientist OR Data Analyst OR ML OR AI OR Business Analyst OR Системный аналитик OR UX/UI OR Product Manager OR Project Manager OR 1C OR Сетевой инженер OR Системный администратор OR Game Developer OR Android OR iOS', 'area': '16', 'only_with_salary': False, 'date_from': '2025-04-10', 'date_to': '2025-04-24'}
Кол-во полученных вакансий: 320
Блоки статистики: ['Общая характеристика', 'Анализ зарплат']

=== Новый анализ ===
Время: 2025-04-24 05:01:55.371468
Фильтры из формы: {'text': 'Python OR Java OR JavaScript OR C++ OR C# OR PHP OR Go OR Kotlin OR Frontend OR Backend OR Fullstack OR DevOps OR QA OR Тестировщик OR Data Scientist OR Data Analyst OR ML OR AI OR Business Analyst OR Системный аналитик OR UX/UI OR Product Manager OR Project Manager OR 1C OR Сетевой инженер OR Системный администратор OR Game Developer OR Android OR iOS', 'area': ['1002', '1007', '1005', '1003', '1006', '1004', '2233', '2234', '2235', '2236', '2237', '2238'], 'salary_from': None, 'salary_to': None, 'only_with_salary': False, 'experience': [], 'employment': [], 'schedule': [], 'date_from': '2025-04-10', 'date_to': '2025-04-24'}
Сгенерированные параметры: {'text': 'Python OR Java OR JavaScript OR C++ OR C# OR PHP OR Go OR Kotlin OR Frontend OR Backend OR Fullstack OR DevOps OR QA OR Тестировщик OR Data Scientist OR Data Analyst OR ML OR AI OR Business Analyst OR Системный аналитик OR UX/UI OR Product Manager OR Project Manager OR 1C OR Сетевой инженер OR Системный администратор OR Game Developer OR Android OR iOS', 'area': '16', 'only_with_salary': False, 'date_from': '2025-04-10', 'date_to': '2025-04-24'}
Кол-во полученных вакансий: 312
Блоки статистики: ['Общая характеристика', 'Анализ зарплат']

=== Новый анализ ===
Время: 2025-04-24 05:03:54.414476
Фильтры из формы: {'text': 'Python OR Java OR JavaScript OR C++ OR C# OR PHP OR Go OR Kotlin OR Frontend OR Backend OR Fullstack OR DevOps OR QA OR Тестировщик OR Data Scientist OR Data Analyst OR ML OR AI OR Business Analyst OR Системный аналитик OR UX/UI OR Product Manager OR Project Manager OR 1C OR Сетевой инженер OR Системный администратор OR Game Developer OR Android OR iOS', 'area': ['1002', '1007', '1005', '1003', '1006', '1004', '2233', '2234', '2235', '2236', '2237', '2238'], 'salary_from': None, 'salary_to': None, 'only_with_salary': False, 'experience': [], 'employment': [], 'schedule': [], 'date_from': '2025-04-10', 'date_to': '2025-04-24'}
Сгенерированные параметры: {'text': 'Python OR Java OR JavaScript OR C++ OR C# OR PHP OR Go OR Kotlin OR Frontend OR Backend OR Fullstack OR DevOps OR QA OR Тестировщик OR Data Scientist OR Data Analyst OR ML OR AI OR Business Analyst OR Системный аналитик OR UX/UI OR Product Manager OR Project Manager OR 1C OR Сетевой инженер OR Системный администратор OR Game Developer OR Android OR iOS', 'area': '16', 'only_with_salary': False, 'date_from': '2025-04-10', 'date_to': '2025-04-24'}
Кол-во полученных вакансий: 340
Блоки статистики: ['Общая характеристика', 'Анализ зарплат']

=== Новый анализ ===
Время: 2025-04-24 05:07:35.486204
Фильтры из формы: {'text': 'Python OR Java OR JavaScript OR C++ OR C# OR PHP OR Go OR Kotlin OR Frontend OR Backend OR Fullstack OR DevOps OR QA OR Тестировщик OR Data Scientist OR Data Analyst OR ML OR AI OR Business Analyst OR Системный аналитик OR UX/UI OR Product Manager OR Project Manager OR 1C OR Сетевой инженер OR Системный администратор OR Game Developer OR Android OR iOS', 'area': ['1002', '1007', '1005', '1003', '1006', '1004', '2233', '2234', '2235', '2236', '2237', '2238', '11130', '2239', '2630', '2240', '11137', '2590', '11135', '2241', '2741', '2242', '11138', '2243', '2743', '2245', '2246', '2247', '2745', '11136', '2248', '2249', '11134', '2250', '2650', '11131', '11133', '2251', '2252', '11132', '11129', '2253', '6007', '11139', '11150', '11149', '11140', '2632', '11145', '2254', '11142', '2255', '2256', '11152', '11143', '2257', '2258', '2742', '2259', '2260', '11151', '11146', '2261', '2262', '2263', '11147', '2484', '2366', '11148', '2264', '11144', '2265', '2266', '2267', '2268', '2269', '2270', '11141', '2271', '2272', '2273', '11153', '2274', '2275', '11126', '2276', '11127', '2277', '2278', '2279', '2280', '2281', '11124', '11125', '6320', '2282', '2283', '2284', '11121', '2285', '2286', '2747', '11123', '2288', '2289', '2290', '2291', '11119', '2523', '11122', '2292', '11120', '2293', '11128', '11499', '11762', '11161', '2588', '2294', '2740', '11159', '2295', '2296', '2297', '2298', '2299', '11154', '2300', '11160', '11158', '2301', '2631', '2302', '2303', '11155', '2304', '2305', '11178', '11156', '2306', '2589', '2307', '2308', '11157', '2309', '11763', '11760', '11759', '11769', '11758', '11108', '2310', '11093', '2311', '6936', '11719', '2312', '11495', '2313', '11195', '11098', '2314', '11116', '11113', '11772', '11099', '11193', '2315', '11496', '2316', '11089', '2317', '11102', '11182', '2318', '11107', '11244', '11090', '2319', '6006', '11494', '2320', '11104', '2746', '2322', '6375', '6772', '2323', '2324', '11086', '2325', '11106', '11096', '11191', '11109', '11105', '11236', '11761', '11097', '11095', '11260', '11110', '11242', '11111', '6321', '11091', '11805', '11094', '11112', '11227', '11103', '11181', '11115', '2326', '11088', '2327', '2328', '2749', '2330', '11228', '11100', '2331', '11767', '11114', '2394', '11079', '11092', '2332', '11087', '11773', '11101', '2333', '2334', '2335', '2336', '2337', '2338', '6005', '2744', '2340', '2341', '2342', '2343', '2344', '2345', '11117', '11118', '2346', '2347', '2748', '2349', '2350', '2351', '2352'], 'salary_from': None, 'salary_to': None, 'only_with_salary': False, 'experience': [], 'employment': [], 'schedule': [], 'date_from': None, 'date_to': None}
Сгенерированные параметры: {'text': 'Python OR Java OR JavaScript OR C++ OR C# OR PHP OR Go OR Kotlin OR Frontend OR Backend OR Fullstack OR DevOps OR QA OR Тестировщик OR Data Scientist OR Data Analyst OR ML OR AI OR Business Analyst OR Системный аналитик OR UX/UI OR Product Manager OR Project Manager OR 1C OR Сетевой инженер OR Системный администратор OR Game Developer OR Android OR iOS', 'area': '16', 'only_with_salary': False}
Кол-во полученных вакансий: 358
Блоки статистики: ['Общая характеристика', 'Анализ зарплат']

=== Новый анализ ===
Время: 2025-04-24 05:08:37.048272
Фильтры из формы: {'text': 'Python OR Java OR JavaScript OR C++ OR C# OR PHP OR Go OR Kotlin OR Frontend OR Backend OR Fullstack OR DevOps OR QA OR Тестировщик OR Data Scientist OR Data Analyst OR ML OR AI OR Business Analyst OR Системный аналитик OR UX/UI OR Product Manager OR Project Manager OR 1C OR Сетевой инженер OR Системный администратор OR Game Developer OR Android OR iOS', 'area': ['1002', '1007', '1005', '1003', '1006', '1004', '2233', '2234', '2235', '2236', '2237', '2238'], 'salary_from': None, 'salary_to': None, 'only_with_salary': False, 'experience': [], 'employment': [], 'schedule': [], 'date_from': None, 'date_to': None}
Сгенерированные параметры: {'text': 'Python OR Java OR JavaScript OR C++ OR C# OR PHP OR Go OR Kotlin OR Frontend OR Backend OR Fullstack OR DevOps OR QA OR Тестировщик OR Data Scientist OR Data Analyst OR ML OR AI OR Business Analyst OR Системный аналитик OR UX/UI OR Product Manager OR Project Manager OR 1C OR Сетевой инженер OR Системный администратор OR Game Developer OR Android OR iOS', 'area': '16', 'only_with_salary': False}
Кол-во полученных вакансий: 368
Блоки статистики: ['Общая характеристика', 'Анализ зарплат']
